2023-08-06 02:01:30.196193 - Initialized conversion of CBT171
2023-08-06 02:01:30.984739 - Received CBT.V505.FILE171.PDS from FILE171.XMI 
2023-08-06 02:01:30.987381 - Found $$$#DATE.txt (text/plain) in CBT.V505.FILE171.PDS, moved to PDS/$$$#DATE
2023-08-06 02:01:30.988481 - Found $$$DOC.txt (text/plain) in CBT.V505.FILE171.PDS, moved to PDS/$$$DOC
2023-08-06 02:01:30.989549 - Found @FILE171.txt (text/plain) in CBT.V505.FILE171.PDS, moved to PDS/@FILE171
2023-08-06 02:01:30.990453 - Found DISASJCL.txt (text/plain) in CBT.V505.FILE171.PDS, moved to PDS/DISASJCL
2023-08-06 02:01:30.991487 - Found DISASMAC.txt (text/plain) in CBT.V505.FILE171.PDS, moved to PDS/DISASMAC
2023-08-06 02:01:30.992838 - Found DISASSRC.txt (text/plain) in CBT.V505.FILE171.PDS, moved to PDS/DISASSRC
2023-08-06 02:01:30.993723 - Found DLIUTIL$.txt (text/plain) in CBT.V505.FILE171.PDS, moved to PDS/DLIUTIL$
2023-08-06 02:01:30.994721 - Found DLIUTILS.txt (text/plain) in CBT.V505.FILE171.PDS, moved to PDS/DLIUTILS
2023-08-06 02:01:30.995747 - Found FXDOC.txt (text/plain) in CBT.V505.FILE171.PDS, moved to PDS/FXDOC
2023-08-06 02:01:30.996639 - Found FXJCL.txt (text/plain) in CBT.V505.FILE171.PDS, moved to PDS/FXJCL
2023-08-06 02:01:30.997675 - Found FXMAC.txt (text/plain) in CBT.V505.FILE171.PDS, moved to PDS/FXMAC
2023-08-06 02:01:30.999410 - Found FXSRC.txt (text/plain) in CBT.V505.FILE171.PDS, moved to PDS/FXSRC
2023-08-06 02:01:31.000369 - Found IEFUTL.txt (text/plain) in CBT.V505.FILE171.PDS, moved to PDS/IEFUTL
2023-08-06 02:01:31.001278 - Found IEFUTL#.txt (text/plain) in CBT.V505.FILE171.PDS, moved to PDS/IEFUTL#
2023-08-06 02:01:31.002353 - Found SMFSPLIT.txt (text/plain) in CBT.V505.FILE171.PDS, moved to PDS/SMFSPLIT
2023-08-06 02:01:31.003364 - Found SUTLJCL.txt (text/plain) in CBT.V505.FILE171.PDS, moved to PDS/SUTLJCL
2023-08-06 02:01:31.004344 - Found SUTLMAC.txt (text/plain) in CBT.V505.FILE171.PDS, moved to PDS/SUTLMAC
2023-08-06 02:01:31.005255 - Found SUTLPNL.txt (text/plain) in CBT.V505.FILE171.PDS, moved to PDS/SUTLPNL
2023-08-06 02:01:31.006178 - Found SUTLREX.txt (text/plain) in CBT.V505.FILE171.PDS, moved to PDS/SUTLREX
2023-08-06 02:01:31.007530 - Found SUTLSRC.txt (text/plain) in CBT.V505.FILE171.PDS, moved to PDS/SUTLSRC
2023-08-06 02:01:31.008410 - Found TAPEMJCL.txt (text/plain) in CBT.V505.FILE171.PDS, moved to PDS/TAPEMJCL
2023-08-06 02:01:31.009335 - Found TAPEMMAC.txt (text/plain) in CBT.V505.FILE171.PDS, moved to PDS/TAPEMMAC
2023-08-06 02:01:31.010748 - Found TAPEMSRC.txt (text/plain) in CBT.V505.FILE171.PDS, moved to PDS/TAPEMSRC
2023-08-06 02:01:31.011837 - Found TPXJCL.txt (text/plain) in CBT.V505.FILE171.PDS, moved to PDS/TPXJCL
2023-08-06 02:01:31.013024 - Found TPXMAC.txt (text/plain) in CBT.V505.FILE171.PDS, moved to PDS/TPXMAC
2023-08-06 02:01:31.014262 - Found TPXSRC.txt (text/plain) in CBT.V505.FILE171.PDS, moved to PDS/TPXSRC
